# JRE version: OpenJDK Runtime Environment (8.0_242-b01) (build 1.8.0_242-release-1644-b01)
# Java VM: OpenJDK 64-Bit Server VM (25.242-b01 mixed mode windows-amd64 compressed oops)
Heap:
 PSYoungGen      total 83968K, used 21957K [0x00000000eb300000, 0x00000000f2980000, 0x0000000100000000)
  eden space 64512K, 34% used [0x00000000eb300000,0x00000000ec871768,0x00000000ef200000)
  from space 19456K, 0% used [0x00000000f0480000,0x00000000f0480000,0x00000000f1780000)
  to   space 18944K, 0% used [0x00000000ef200000,0x00000000ef200000,0x00000000f0480000)
 ParOldGen       total 62976K, used 29671K [0x00000000c1800000, 0x00000000c5580000, 0x00000000eb300000)
  object space 62976K, 47% used [0x00000000c1800000,0x00000000c34f9c18,0x00000000c5580000)
 Metaspace       used 37614K, capacity 38186K, committed 38616K, reserved 1083392K
  class space    used 4740K, capacity 4904K, committed 4992K, reserved 1048576K
GC Heap History (10 events):
Event: 1.871 GC heap before
{Heap before GC invocations=6 (full 1):
 PSYoungGen      total 35328K, used 2528K [0x00000000eb300000, 0x00000000f1500000, 0x0000000100000000)
  eden space 32768K, 0% used [0x00000000eb300000,0x00000000eb300000,0x00000000ed300000)
  from space 2560K, 98% used [0x00000000ed300000,0x00000000ed578030,0x00000000ed580000)
  to   space 17408K, 0% used [0x00000000f0400000,0x00000000f0400000,0x00000000f1500000)
 ParOldGen       total 44032K, used 28440K [0x00000000c1800000, 0x00000000c4300000, 0x00000000eb300000)
  object space 44032K, 64% used [0x00000000c1800000,0x00000000c33c61b0,0x00000000c4300000)
 Metaspace       used 20729K, capacity 21096K, committed 21248K, reserved 1069056K
  class space    used 2375K, capacity 2504K, committed 2560K, reserved 1048576K
Event: 1.964 GC heap after
Heap after GC invocations=6 (full 1):
 PSYoungGen      total 35328K, used 0K [0x00000000eb300000, 0x00000000f1500000, 0x0000000100000000)
  eden space 32768K, 0% used [0x00000000eb300000,0x00000000eb300000,0x00000000ed300000)
  from space 2560K, 0% used [0x00000000ed300000,0x00000000ed300000,0x00000000ed580000)
  to   space 17408K, 0% used [0x00000000f0400000,0x00000000f0400000,0x00000000f1500000)
 ParOldGen       total 62976K, used 22173K [0x00000000c1800000, 0x00000000c5580000, 0x00000000eb300000)
  object space 62976K, 35% used [0x00000000c1800000,0x00000000c2da75f0,0x00000000c5580000)
 Metaspace       used 20729K, capacity 21096K, committed 21248K, reserved 1069056K
  class space    used 2375K, capacity 2504K, committed 2560K, reserved 1048576K
}
Event: 2.535 GC heap before
{Heap before GC invocations=7 (full 1):
 PSYoungGen      total 35328K, used 32768K [0x00000000eb300000, 0x00000000f1500000, 0x0000000100000000)
  eden space 32768K, 100% used [0x00000000eb300000,0x00000000ed300000,0x00000000ed300000)
  from space 2560K, 0% used [0x00000000ed300000,0x00000000ed300000,0x00000000ed580000)
  to   space 17408K, 0% used [0x00000000f0400000,0x00000000f0400000,0x00000000f1500000)
 ParOldGen       total 62976K, used 22173K [0x00000000c1800000, 0x00000000c5580000, 0x00000000eb300000)
  object space 62976K, 35% used [0x00000000c1800000,0x00000000c2da75f0,0x00000000c5580000)
 Metaspace       used 25010K, capacity 25502K, committed 25728K, reserved 1071104K
  class space    used 3210K, capacity 3365K, committed 3456K, reserved 1048576K
Event: 2.549 GC heap after
Heap after GC invocations=7 (full 1):
 PSYoungGen      total 53760K, used 7438K [0x00000000eb300000, 0x00000000f0b80000, 0x0000000100000000)
  eden space 46080K, 0% used [0x00000000eb300000,0x00000000eb300000,0x00000000ee000000)
  from space 7680K, 96% used [0x00000000f0400000,0x00000000f0b43a48,0x00000000f0b80000)
  to   space 15872K, 0% used [0x00000000eec80000,0x00000000eec80000,0x00000000efc00000)
 ParOldGen       total 62976K, used 22181K [0x00000000c1800000, 0x00000000c5580000, 0x00000000eb300000)
  object space 62976K, 35% used [0x00000000c1800000,0x00000000c2da95f0,0x00000000c5580000)
 Metaspace       used 25010K, capacity 25502K, committed 25728K, reserved 1071104K
  class space    used 3210K, capacity 3365K, committed 3456K, reserved 1048576K
}
Event: 3.493 GC heap before
{Heap before GC invocations=8 (full 1):
 PSYoungGen      total 53760K, used 53518K [0x00000000eb300000, 0x00000000f0b80000, 0x0000000100000000)
  eden space 46080K, 100% used [0x00000000eb300000,0x00000000ee000000,0x00000000ee000000)
  from space 7680K, 96% used [0x00000000f0400000,0x00000000f0b43a48,0x00000000f0b80000)
  to   space 15872K, 0% used [0x00000000eec80000,0x00000000eec80000,0x00000000efc00000)
 ParOldGen       total 62976K, used 22181K [0x00000000c1800000, 0x00000000c5580000, 0x00000000eb300000)
  object space 62976K, 35% used [0x00000000c1800000,0x00000000c2da95f0,0x00000000c5580000)
 Metaspace       used 32788K, capacity 33336K, committed 33536K, reserved 1079296K
  class space    used 4142K, capacity 4302K, committed 4352K, reserved 1048576K
Event: 3.516 GC heap after
Heap after GC invocations=8 (full 1):
 PSYoungGen      total 74752K, used 15863K [0x00000000eb300000, 0x00000000f1780000, 0x0000000100000000)
  eden space 58880K, 0% used [0x00000000eb300000,0x00000000eb300000,0x00000000eec80000)
  from space 15872K, 99% used [0x00000000eec80000,0x00000000efbfded0,0x00000000efc00000)
  to   space 19456K, 0% used [0x00000000f0480000,0x00000000f0480000,0x00000000f1780000)
 ParOldGen       total 62976K, used 23253K [0x00000000c1800000, 0x00000000c5580000, 0x00000000eb300000)
  object space 62976K, 36% used [0x00000000c1800000,0x00000000c2eb54c0,0x00000000c5580000)
 Metaspace       used 32788K, capacity 33336K, committed 33536K, reserved 1079296K
  class space    used 4142K, capacity 4302K, committed 4352K, reserved 1048576K
}
Event: 3.727 GC heap before
{Heap before GC invocations=9 (full 1):
 PSYoungGen      total 74752K, used 27714K [0x00000000eb300000, 0x00000000f1780000, 0x0000000100000000)
  eden space 58880K, 20% used [0x00000000eb300000,0x00000000ebe92950,0x00000000eec80000)
  from space 15872K, 99% used [0x00000000eec80000,0x00000000efbfded0,0x00000000efc00000)
  to   space 19456K, 0% used [0x00000000f0480000,0x00000000f0480000,0x00000000f1780000)
 ParOldGen       total 62976K, used 23253K [0x00000000c1800000, 0x00000000c5580000, 0x00000000eb300000)
  object space 62976K, 36% used [0x00000000c1800000,0x00000000c2eb54c0,0x00000000c5580000)
 Metaspace       used 34679K, capacity 35168K, committed 35416K, reserved 1081344K
  class space    used 4380K, capacity 4528K, committed 4608K, reserved 1048576K
Event: 3.737 GC heap after
Heap after GC invocations=9 (full 1):
 PSYoungGen      total 83968K, used 10580K [0x00000000eb300000, 0x00000000f2980000, 0x0000000100000000)
  eden space 64512K, 0% used [0x00000000eb300000,0x00000000eb300000,0x00000000ef200000)
  from space 19456K, 54% used [0x00000000f0480000,0x00000000f0ed5250,0x00000000f1780000)
  to   space 18944K, 0% used [0x00000000ef200000,0x00000000ef200000,0x00000000f0480000)
 ParOldGen       total 62976K, used 23261K [0x00000000c1800000, 0x00000000c5580000, 0x00000000eb300000)
  object space 62976K, 36% used [0x00000000c1800000,0x00000000c2eb74c0,0x00000000c5580000)
 Metaspace       used 34679K, capacity 35168K, committed 35416K, reserved 1081344K
  class space    used 4380K, capacity 4528K, committed 4608K, reserved 1048576K
}
Event: 3.737 GC heap before
{Heap before GC invocations=10 (full 2):
 PSYoungGen      total 83968K, used 10580K [0x00000000eb300000, 0x00000000f2980000, 0x0000000100000000)
  eden space 64512K, 0% used [0x00000000eb300000,0x00000000eb300000,0x00000000ef200000)
  from space 19456K, 54% used [0x00000000f0480000,0x00000000f0ed5250,0x00000000f1780000)
  to   space 18944K, 0% used [0x00000000ef200000,0x00000000ef200000,0x00000000f0480000)
 ParOldGen       total 62976K, used 23261K [0x00000000c1800000, 0x00000000c5580000, 0x00000000eb300000)
  object space 62976K, 36% used [0x00000000c1800000,0x00000000c2eb74c0,0x00000000c5580000)
 Metaspace       used 34679K, capacity 35168K, committed 35416K, reserved 1081344K
  class space    used 4380K, capacity 4528K, committed 4608K, reserved 1048576K
Event: 3.828 GC heap after
Heap after GC invocations=10 (full 2):
 PSYoungGen      total 83968K, used 0K [0x00000000eb300000, 0x00000000f2980000, 0x0000000100000000)
  eden space 64512K, 0% used [0x00000000eb300000,0x00000000eb300000,0x00000000ef200000)
  from space 19456K, 0% used [0x00000000f0480000,0x00000000f0480000,0x00000000f1780000)
  to   space 18944K, 0% used [0x00000000ef200000,0x00000000ef200000,0x00000000f0480000)
 ParOldGen       total 62976K, used 29671K [0x00000000c1800000, 0x00000000c5580000, 0x00000000eb300000)
  object space 62976K, 47% used [0x00000000c1800000,0x00000000c34f9c18,0x00000000c5580000)
 Metaspace       used 34679K, capacity 35168K, committed 35416K, reserved 1081344K
  class space    used 4380K, capacity 4528K, committed 4608K, reserved 1048576K
}

